\BOOKMARK [0][-]{chapter.1}{\376\377\000I\000n\000t\000r\000o\000d\000u\000c\000t\000i\000o\000n}{}% 1
\BOOKMARK [1][-]{section.1.1}{\376\377\000F\000o\000r\000e\000s\000t\000\040\000C\000e\000r\000t\000i\000f\000i\000c\000a\000t\000i\000o\000n}{chapter.1}% 2
\BOOKMARK [1][-]{section.1.2}{\376\377\000L\000A\000N\000D\000F\000I\000R\000E}{chapter.1}% 3
\BOOKMARK [1][-]{section.1.3}{\376\377\000G\000I\000S\000\040\000T\000u\000t\000o\000r\000i\000a\000l\000\040\000G\000o\000a\000l\000s}{chapter.1}% 4
\BOOKMARK [0][-]{chapter.2}{\376\377\000O\000u\000r\000\040\000E\000x\000a\000m\000p\000l\000e\000\040\000L\000a\000n\000d\000s\000c\000a\000p\000e}{}% 5
\BOOKMARK [0][-]{chapter.3}{\376\377\000O\000u\000r\000\040\000M\000e\000t\000h\000o\000d}{}% 6
\BOOKMARK [1][-]{section.3.1}{\376\377\000G\000I\000S\000\040\000A\000n\000a\000l\000y\000s\000i\000s\000\040\000R\000e\000q\000u\000i\000r\000e\000m\000e\000n\000t\000s}{chapter.3}% 7
\BOOKMARK [1][-]{section.3.2}{\376\377\000M\000e\000t\000h\000o\000d\000s}{chapter.3}% 8
\BOOKMARK [1][-]{section.3.3}{\376\377\000D\000i\000s\000c\000l\000a\000i\000m\000e\000r\000s}{chapter.3}% 9
\BOOKMARK [1][-]{section.3.4}{\376\377\000L\000a\000s\000t\000l\000y\040\046\000\040\000D\000o\000w\000n\000l\000o\000a\000d\000\040\000t\000h\000i\000s\000!}{chapter.3}% 10
\BOOKMARK [1][-]{section.3.5}{\376\377\000A\000b\000o\000u\000t\000\040\000t\000h\000i\000s\000\040\000d\000o\000c\000u\000m\000e\000n\000t}{chapter.3}% 11
\BOOKMARK [0][-]{chapter.4}{\376\377\000L\000A\000N\000D\000F\000I\000R\000E\000\040\000D\000a\000t\000a}{}% 12
\BOOKMARK [1][-]{section.4.1}{\376\377\000L\000A\000N\000D\000F\000I\000R\000E\000\040\000f\000o\000r\000\040\000L\000a\000n\000d\000s\000c\000a\000p\000e\000\040\000E\000c\000o\000s\000y\000s\000t\000e\000m\000\040\000A\000s\000s\000e\000s\000s\000m\000e\000n\000t\000s}{chapter.4}% 13
\BOOKMARK [1][-]{section.4.2}{\376\377\000L\000A\000N\000D\000F\000I\000R\000E\000\040\000D\000a\000t\000a\000s\000e\000t\000s\000\040\000U\000s\000e\000d\000\040\000F\000o\000r\000\040\000T\000h\000i\000s\000\040\000T\000u\000t\000o\000r\000i\000a\000l}{chapter.4}% 14
\BOOKMARK [1][-]{section.4.3}{\376\377\000G\000u\000i\000d\000a\000n\000c\000e\000\040\000o\000n\000\040\000O\000b\000t\000a\000i\000n\000i\000n\000g\000\040\000L\000A\000N\000D\000F\000I\000R\000E\000\040\000P\000r\000o\000d\000u\000c\000t\000s}{chapter.4}% 15
\BOOKMARK [0][-]{chapter.5}{\376\377\000L\000A\000N\000D\000F\000I\000R\000E\000\040\000D\000a\000t\000a\000\040\000f\000o\000r\000\040\000L\000a\000n\000d\000s\000c\000a\000p\000e\000\040\000A\000s\000s\000e\000s\000s\000m\000e\000n\000t}{}% 16
\BOOKMARK [1][-]{section.5.1}{\376\377\000I\000f\000\040\000y\000o\000u\000\040\000h\000a\000v\000e\000n\000'\000t\000\040\000a\000l\000r\000e\000a\000d\000y\040\046\000\040\000D\000o\000w\000n\000l\000o\000a\000d\000\040\000t\000h\000i\000s\000!}{chapter.5}% 17
\BOOKMARK [1][-]{section.5.2}{\376\377\000L\000o\000a\000d\000\040\000S\000p\000a\000t\000i\000a\000l\000\040\000D\000a\000t\000a}{chapter.5}% 18
\BOOKMARK [1][-]{section.5.3}{\376\377\000D\000o\000w\000n\000l\000o\000a\000d\000\040\000T\000h\000r\000e\000e\000\040\000\050\0003\000\051\000\040\000L\000A\000N\000D\000F\000I\000R\000E\000\040\000R\000a\000s\000t\000e\000r\000s\000\040\000f\000o\000r\000\040\000t\000h\000e\000\040\000S\000t\000u\000d\000y\000\040\000A\000r\000e\000a\000:\000\040\000B\000p\000S\000,\000\040\000E\000V\000T\000,\000\040\000a\000n\000d\000\040\000s\000C\000l\000a\000s\000s}{chapter.5}% 19
\BOOKMARK [1][-]{section.5.4}{\376\377\000P\000r\000o\000j\000e\000c\000t\000\040\000t\000o\000\040\000t\000h\000e\000\040\000A\000p\000p\000r\000o\000p\000r\000i\000a\000t\000e\000\040\000C\000o\000o\000r\000d\000i\000n\000a\000t\000e\000\040\000S\000y\000s\000t\000e\000m}{chapter.5}% 20
\BOOKMARK [1][-]{section.5.5}{\376\377\000L\000A\000N\000D\000F\000I\000R\000E\000\040\000D\000a\000t\000a\000\040\000S\000t\000a\000c\000k\000i\000n\000g}{chapter.5}% 21
\BOOKMARK [1][-]{section.5.6}{\376\377\000J\000o\000i\000n\000\040\000B\000p\000S\000\040\000T\000a\000b\